[2024-04-02 04:41:26] local.ERROR: Invalid route action: [ProfileController]. {"exception":"[object] (UnexpectedValueException(code: 0): Invalid route action: [ProfileController]. at D:\\Materi Kuliah\\Semester 4\\PEMROGRAMAN FRAMEWORK\\Minggu 5\\Minggu-5\\vendor\\laravel\\framework\\src\\Illuminate\\Routing\\RouteAction.php:92)
[stacktrace]
#0 D:\\Materi Kuliah\\Semester 4\\PEMROGRAMAN FRAMEWORK\\Minggu 5\\Minggu-5\\vendor\\laravel\\framework\\src\\Illuminate\\Routing\\RouteAction.php(47): Illuminate\\Routing\\RouteAction::makeInvokable('ProfileControll...')
#1 D:\\Materi Kuliah\\Semester 4\\PEMROGRAMAN FRAMEWORK\\Minggu 5\\Minggu-5\\vendor\\laravel\\framework\\src\\Illuminate\\Routing\\Route.php(192): Illuminate\\Routing\\RouteAction::parse('profile', Array)
#2 D:\\Materi Kuliah\\Semester 4\\PEMROGRAMAN FRAMEWORK\\Minggu 5\\Minggu-5\\vendor\\laravel\\framework\\src\\Illuminate\\Routing\\Route.php(173): Illuminate\\Routing\\Route->parseAction(Array)
#3 D:\\Materi Kuliah\\Semester 4\\PEMROGRAMAN FRAMEWORK\\Minggu 5\\Minggu-5\\vendor\\laravel\\framework\\src\\Illuminate\\Routing\\Router.php(669): Illuminate\\Routing\\Route->__construct(Array, 'profile', Array)
#4 D:\\Materi Kuliah\\Semester 4\\PEMROGRAMAN FRAMEWORK\\Minggu 5\\Minggu-5\\vendor\\laravel\\framework\\src\\Illuminate\\Routing\\Router.php(561): Illuminate\\Routing\\Router->newRoute(Array, 'profile', Array)
#5 D:\\Materi Kuliah\\Semester 4\\PEMROGRAMAN FRAMEWORK\\Minggu 5\\Minggu-5\\vendor\\laravel\\framework\\src\\Illuminate\\Routing\\Router.php(541): Illuminate\\Routing\\Router->createRoute(Array, 'profile', Array)
#6 D:\\Materi Kuliah\\Semester 4\\PEMROGRAMAN FRAMEWORK\\Minggu 5\\Minggu-5\\vendor\\laravel\\framework\\src\\Illuminate\\Routing\\Router.php(159): Illuminate\\Routing\\Router->addRoute(Array, 'profile', 'ProfileControll...')
#7 D:\\Materi Kuliah\\Semester 4\\PEMROGRAMAN FRAMEWORK\\Minggu 5\\Minggu-5\\vendor\\laravel\\framework\\src\\Illuminate\\Support\\Facades\\Facade.php(357): Illuminate\\Routing\\Router->get('profile', 'ProfileControll...')
#8 D:\\Materi Kuliah\\Semester 4\\PEMROGRAMAN FRAMEWORK\\Minggu 5\\Minggu-5\\routes\\web.php(12): Illuminate\\Support\\Facades\\Facade::__callStatic('get', Array)
#9 D:\\Materi Kuliah\\Semester 4\\PEMROGRAMAN FRAMEWORK\\Minggu 5\\Minggu-5\\vendor\\laravel\\framework\\src\\Illuminate\\Routing\\RouteFileRegistrar.php(35): require('D:\\\\Materi Kulia...')
#10 D:\\Materi Kuliah\\Semester 4\\PEMROGRAMAN FRAMEWORK\\Minggu 5\\Minggu-5\\vendor\\laravel\\framework\\src\\Illuminate\\Routing\\Router.php(511): Illuminate\\Routing\\RouteFileRegistrar->register('D:\\\\Materi Kulia...')
#11 D:\\Materi Kuliah\\Semester 4\\PEMROGRAMAN FRAMEWORK\\Minggu 5\\Minggu-5\\vendor\\laravel\\framework\\src\\Illuminate\\Routing\\Router.php(465): Illuminate\\Routing\\Router->loadRoutes('D:\\\\Materi Kulia...')
#12 D:\\Materi Kuliah\\Semester 4\\PEMROGRAMAN FRAMEWORK\\Minggu 5\\Minggu-5\\vendor\\laravel\\framework\\src\\Illuminate\\Routing\\RouteRegistrar.php(194): Illuminate\\Routing\\Router->group(Array, 'D:\\\\Materi Kulia...')
#13 D:\\Materi Kuliah\\Semester 4\\PEMROGRAMAN FRAMEWORK\\Minggu 5\\Minggu-5\\vendor\\laravel\\framework\\src\\Illuminate\\Foundation\\Configuration\\ApplicationBuilder.php(202): Illuminate\\Routing\\RouteRegistrar->group('D:\\\\Materi Kulia...')
#14 D:\\Materi Kuliah\\Semester 4\\PEMROGRAMAN FRAMEWORK\\Minggu 5\\Minggu-5\\vendor\\laravel\\framework\\src\\Illuminate\\Container\\BoundMethod.php(36): Illuminate\\Foundation\\Configuration\\ApplicationBuilder->Illuminate\\Foundation\\Configuration\\{closure}()
#15 D:\\Materi Kuliah\\Semester 4\\PEMROGRAMAN FRAMEWORK\\Minggu 5\\Minggu-5\\vendor\\laravel\\framework\\src\\Illuminate\\Container\\Util.php(41): Illuminate\\Container\\BoundMethod::Illuminate\\Container\\{closure}()
#16 D:\\Materi Kuliah\\Semester 4\\PEMROGRAMAN FRAMEWORK\\Minggu 5\\Minggu-5\\vendor\\laravel\\framework\\src\\Illuminate\\Container\\BoundMethod.php(81): Illuminate\\Container\\Util::unwrapIfClosure(Object(Closure))
#17 D:\\Materi Kuliah\\Semester 4\\PEMROGRAMAN FRAMEWORK\\Minggu 5\\Minggu-5\\vendor\\laravel\\framework\\src\\Illuminate\\Container\\BoundMethod.php(35): Illuminate\\Container\\BoundMethod::callBoundMethod(Object(Illuminate\\Foundation\\Application), Object(Closure), Object(Closure))
#18 D:\\Materi Kuliah\\Semester 4\\PEMROGRAMAN FRAMEWORK\\Minggu 5\\Minggu-5\\vendor\\laravel\\framework\\src\\Illuminate\\Container\\Container.php(662): Illuminate\\Container\\BoundMethod::call(Object(Illuminate\\Foundation\\Application), Object(Closure), Array, NULL)
#19 D:\\Materi Kuliah\\Semester 4\\PEMROGRAMAN FRAMEWORK\\Minggu 5\\Minggu-5\\vendor\\laravel\\framework\\src\\Illuminate\\Foundation\\Support\\Providers\\RouteServiceProvider.php(138): Illuminate\\Container\\Container->call(Object(Closure))
#20 D:\\Materi Kuliah\\Semester 4\\PEMROGRAMAN FRAMEWORK\\Minggu 5\\Minggu-5\\vendor\\laravel\\framework\\src\\Illuminate\\Foundation\\Support\\Providers\\RouteServiceProvider.php(52): Illuminate\\Foundation\\Support\\Providers\\RouteServiceProvider->loadRoutes()
#21 D:\\Materi Kuliah\\Semester 4\\PEMROGRAMAN FRAMEWORK\\Minggu 5\\Minggu-5\\vendor\\laravel\\framework\\src\\Illuminate\\Container\\BoundMethod.php(36): Illuminate\\Foundation\\Support\\Providers\\RouteServiceProvider->Illuminate\\Foundation\\Support\\Providers\\{closure}()
#22 D:\\Materi Kuliah\\Semester 4\\PEMROGRAMAN FRAMEWORK\\Minggu 5\\Minggu-5\\vendor\\laravel\\framework\\src\\Illuminate\\Container\\Util.php(41): Illuminate\\Container\\BoundMethod::Illuminate\\Container\\{closure}()
#23 D:\\Materi Kuliah\\Semester 4\\PEMROGRAMAN FRAMEWORK\\Minggu 5\\Minggu-5\\vendor\\laravel\\framework\\src\\Illuminate\\Container\\BoundMethod.php(81): Illuminate\\Container\\Util::unwrapIfClosure(Object(Closure))
#24 D:\\Materi Kuliah\\Semester 4\\PEMROGRAMAN FRAMEWORK\\Minggu 5\\Minggu-5\\vendor\\laravel\\framework\\src\\Illuminate\\Container\\BoundMethod.php(35): Illuminate\\Container\\BoundMethod::callBoundMethod(Object(Illuminate\\Foundation\\Application), Object(Closure), Object(Closure))
#25 D:\\Materi Kuliah\\Semester 4\\PEMROGRAMAN FRAMEWORK\\Minggu 5\\Minggu-5\\vendor\\laravel\\framework\\src\\Illuminate\\Container\\Container.php(662): Illuminate\\Container\\BoundMethod::call(Object(Illuminate\\Foundation\\Application), Object(Closure), Array, NULL)
#26 D:\\Materi Kuliah\\Semester 4\\PEMROGRAMAN FRAMEWORK\\Minggu 5\\Minggu-5\\vendor\\laravel\\framework\\src\\Illuminate\\Support\\ServiceProvider.php(126): Illuminate\\Container\\Container->call(Object(Closure))
#27 D:\\Materi Kuliah\\Semester 4\\PEMROGRAMAN FRAMEWORK\\Minggu 5\\Minggu-5\\vendor\\laravel\\framework\\src\\Illuminate\\Foundation\\Application.php(1102): Illuminate\\Support\\ServiceProvider->callBootedCallbacks()
#28 D:\\Materi Kuliah\\Semester 4\\PEMROGRAMAN FRAMEWORK\\Minggu 5\\Minggu-5\\vendor\\laravel\\framework\\src\\Illuminate\\Foundation\\Application.php(1080): Illuminate\\Foundation\\Application->bootProvider(Object(Illuminate\\Foundation\\Support\\Providers\\RouteServiceProvider))
#29 [internal function]: Illuminate\\Foundation\\Application->Illuminate\\Foundation\\{closure}(Object(Illuminate\\Foundation\\Support\\Providers\\RouteServiceProvider), 23)
#30 D:\\Materi Kuliah\\Semester 4\\PEMROGRAMAN FRAMEWORK\\Minggu 5\\Minggu-5\\vendor\\laravel\\framework\\src\\Illuminate\\Foundation\\Application.php(1079): array_walk(Array, Object(Closure))
#31 D:\\Materi Kuliah\\Semester 4\\PEMROGRAMAN FRAMEWORK\\Minggu 5\\Minggu-5\\vendor\\laravel\\framework\\src\\Illuminate\\Foundation\\Bootstrap\\BootProviders.php(17): Illuminate\\Foundation\\Application->boot()
#32 D:\\Materi Kuliah\\Semester 4\\PEMROGRAMAN FRAMEWORK\\Minggu 5\\Minggu-5\\vendor\\laravel\\framework\\src\\Illuminate\\Foundation\\Application.php(309): Illuminate\\Foundation\\Bootstrap\\BootProviders->bootstrap(Object(Illuminate\\Foundation\\Application))
#33 D:\\Materi Kuliah\\Semester 4\\PEMROGRAMAN FRAMEWORK\\Minggu 5\\Minggu-5\\vendor\\laravel\\framework\\src\\Illuminate\\Foundation\\Http\\Kernel.php(186): Illuminate\\Foundation\\Application->bootstrapWith(Array)
#34 D:\\Materi Kuliah\\Semester 4\\PEMROGRAMAN FRAMEWORK\\Minggu 5\\Minggu-5\\vendor\\laravel\\framework\\src\\Illuminate\\Foundation\\Http\\Kernel.php(170): Illuminate\\Foundation\\Http\\Kernel->bootstrap()
#35 D:\\Materi Kuliah\\Semester 4\\PEMROGRAMAN FRAMEWORK\\Minggu 5\\Minggu-5\\vendor\\laravel\\framework\\src\\Illuminate\\Foundation\\Http\\Kernel.php(144): Illuminate\\Foundation\\Http\\Kernel->sendRequestThroughRouter(Object(Illuminate\\Http\\Request))
#36 D:\\Materi Kuliah\\Semester 4\\PEMROGRAMAN FRAMEWORK\\Minggu 5\\Minggu-5\\vendor\\laravel\\framework\\src\\Illuminate\\Foundation\\Application.php(1168): Illuminate\\Foundation\\Http\\Kernel->handle(Object(Illuminate\\Http\\Request))
#37 D:\\Materi Kuliah\\Semester 4\\PEMROGRAMAN FRAMEWORK\\Minggu 5\\Minggu-5\\public\\index.php(17): Illuminate\\Foundation\\Application->handleRequest(Object(Illuminate\\Http\\Request))
#38 D:\\Materi Kuliah\\Semester 4\\PEMROGRAMAN FRAMEWORK\\Minggu 5\\Minggu-5\\vendor\\laravel\\framework\\src\\Illuminate\\Foundation\\resources\\server.php(16): require_once('D:\\\\Materi Kulia...')
#39 {main}
"} 
[2024-04-02 04:41:27] local.ERROR: Invalid route action: [ProfileController]. {"exception":"[object] (UnexpectedValueException(code: 0): Invalid route action: [ProfileController]. at D:\\Materi Kuliah\\Semester 4\\PEMROGRAMAN FRAMEWORK\\Minggu 5\\Minggu-5\\vendor\\laravel\\framework\\src\\Illuminate\\Routing\\RouteAction.php:92)
[stacktrace]
#0 D:\\Materi Kuliah\\Semester 4\\PEMROGRAMAN FRAMEWORK\\Minggu 5\\Minggu-5\\vendor\\laravel\\framework\\src\\Illuminate\\Routing\\RouteAction.php(47): Illuminate\\Routing\\RouteAction::makeInvokable('ProfileControll...')
#1 D:\\Materi Kuliah\\Semester 4\\PEMROGRAMAN FRAMEWORK\\Minggu 5\\Minggu-5\\vendor\\laravel\\framework\\src\\Illuminate\\Routing\\Route.php(192): Illuminate\\Routing\\RouteAction::parse('profile', Array)
#2 D:\\Materi Kuliah\\Semester 4\\PEMROGRAMAN FRAMEWORK\\Minggu 5\\Minggu-5\\vendor\\laravel\\framework\\src\\Illuminate\\Routing\\Route.php(173): Illuminate\\Routing\\Route->parseAction(Array)
#3 D:\\Materi Kuliah\\Semester 4\\PEMROGRAMAN FRAMEWORK\\Minggu 5\\Minggu-5\\vendor\\laravel\\framework\\src\\Illuminate\\Routing\\Router.php(669): Illuminate\\Routing\\Route->__construct(Array, 'profile', Array)
#4 D:\\Materi Kuliah\\Semester 4\\PEMROGRAMAN FRAMEWORK\\Minggu 5\\Minggu-5\\vendor\\laravel\\framework\\src\\Illuminate\\Routing\\Router.php(561): Illuminate\\Routing\\Router->newRoute(Array, 'profile', Array)
#5 D:\\Materi Kuliah\\Semester 4\\PEMROGRAMAN FRAMEWORK\\Minggu 5\\Minggu-5\\vendor\\laravel\\framework\\src\\Illuminate\\Routing\\Router.php(541): Illuminate\\Routing\\Router->createRoute(Array, 'profile', Array)
#6 D:\\Materi Kuliah\\Semester 4\\PEMROGRAMAN FRAMEWORK\\Minggu 5\\Minggu-5\\vendor\\laravel\\framework\\src\\Illuminate\\Routing\\Router.php(159): Illuminate\\Routing\\Router->addRoute(Array, 'profile', 'ProfileControll...')
#7 D:\\Materi Kuliah\\Semester 4\\PEMROGRAMAN FRAMEWORK\\Minggu 5\\Minggu-5\\vendor\\laravel\\framework\\src\\Illuminate\\Support\\Facades\\Facade.php(357): Illuminate\\Routing\\Router->get('profile', 'ProfileControll...')
#8 D:\\Materi Kuliah\\Semester 4\\PEMROGRAMAN FRAMEWORK\\Minggu 5\\Minggu-5\\routes\\web.php(12): Illuminate\\Support\\Facades\\Facade::__callStatic('get', Array)
#9 D:\\Materi Kuliah\\Semester 4\\PEMROGRAMAN FRAMEWORK\\Minggu 5\\Minggu-5\\vendor\\laravel\\framework\\src\\Illuminate\\Routing\\RouteFileRegistrar.php(35): require('D:\\\\Materi Kulia...')
#10 D:\\Materi Kuliah\\Semester 4\\PEMROGRAMAN FRAMEWORK\\Minggu 5\\Minggu-5\\vendor\\laravel\\framework\\src\\Illuminate\\Routing\\Router.php(511): Illuminate\\Routing\\RouteFileRegistrar->register('D:\\\\Materi Kulia...')
#11 D:\\Materi Kuliah\\Semester 4\\PEMROGRAMAN FRAMEWORK\\Minggu 5\\Minggu-5\\vendor\\laravel\\framework\\src\\Illuminate\\Routing\\Router.php(465): Illuminate\\Routing\\Router->loadRoutes('D:\\\\Materi Kulia...')
#12 D:\\Materi Kuliah\\Semester 4\\PEMROGRAMAN FRAMEWORK\\Minggu 5\\Minggu-5\\vendor\\laravel\\framework\\src\\Illuminate\\Routing\\RouteRegistrar.php(194): Illuminate\\Routing\\Router->group(Array, 'D:\\\\Materi Kulia...')
#13 D:\\Materi Kuliah\\Semester 4\\PEMROGRAMAN FRAMEWORK\\Minggu 5\\Minggu-5\\vendor\\laravel\\framework\\src\\Illuminate\\Foundation\\Configuration\\ApplicationBuilder.php(202): Illuminate\\Routing\\RouteRegistrar->group('D:\\\\Materi Kulia...')
#14 D:\\Materi Kuliah\\Semester 4\\PEMROGRAMAN FRAMEWORK\\Minggu 5\\Minggu-5\\vendor\\laravel\\framework\\src\\Illuminate\\Container\\BoundMethod.php(36): Illuminate\\Foundation\\Configuration\\ApplicationBuilder->Illuminate\\Foundation\\Configuration\\{closure}()
#15 D:\\Materi Kuliah\\Semester 4\\PEMROGRAMAN FRAMEWORK\\Minggu 5\\Minggu-5\\vendor\\laravel\\framework\\src\\Illuminate\\Container\\Util.php(41): Illuminate\\Container\\BoundMethod::Illuminate\\Container\\{closure}()
#16 D:\\Materi Kuliah\\Semester 4\\PEMROGRAMAN FRAMEWORK\\Minggu 5\\Minggu-5\\vendor\\laravel\\framework\\src\\Illuminate\\Container\\BoundMethod.php(81): Illuminate\\Container\\Util::unwrapIfClosure(Object(Closure))
#17 D:\\Materi Kuliah\\Semester 4\\PEMROGRAMAN FRAMEWORK\\Minggu 5\\Minggu-5\\vendor\\laravel\\framework\\src\\Illuminate\\Container\\BoundMethod.php(35): Illuminate\\Container\\BoundMethod::callBoundMethod(Object(Illuminate\\Foundation\\Application), Object(Closure), Object(Closure))
#18 D:\\Materi Kuliah\\Semester 4\\PEMROGRAMAN FRAMEWORK\\Minggu 5\\Minggu-5\\vendor\\laravel\\framework\\src\\Illuminate\\Container\\Container.php(662): Illuminate\\Container\\BoundMethod::call(Object(Illuminate\\Foundation\\Application), Object(Closure), Array, NULL)
#19 D:\\Materi Kuliah\\Semester 4\\PEMROGRAMAN FRAMEWORK\\Minggu 5\\Minggu-5\\vendor\\laravel\\framework\\src\\Illuminate\\Foundation\\Support\\Providers\\RouteServiceProvider.php(138): Illuminate\\Container\\Container->call(Object(Closure))
#20 D:\\Materi Kuliah\\Semester 4\\PEMROGRAMAN FRAMEWORK\\Minggu 5\\Minggu-5\\vendor\\laravel\\framework\\src\\Illuminate\\Foundation\\Support\\Providers\\RouteServiceProvider.php(52): Illuminate\\Foundation\\Support\\Providers\\RouteServiceProvider->loadRoutes()
#21 D:\\Materi Kuliah\\Semester 4\\PEMROGRAMAN FRAMEWORK\\Minggu 5\\Minggu-5\\vendor\\laravel\\framework\\src\\Illuminate\\Container\\BoundMethod.php(36): Illuminate\\Foundation\\Support\\Providers\\RouteServiceProvider->Illuminate\\Foundation\\Support\\Providers\\{closure}()
#22 D:\\Materi Kuliah\\Semester 4\\PEMROGRAMAN FRAMEWORK\\Minggu 5\\Minggu-5\\vendor\\laravel\\framework\\src\\Illuminate\\Container\\Util.php(41): Illuminate\\Container\\BoundMethod::Illuminate\\Container\\{closure}()
#23 D:\\Materi Kuliah\\Semester 4\\PEMROGRAMAN FRAMEWORK\\Minggu 5\\Minggu-5\\vendor\\laravel\\framework\\src\\Illuminate\\Container\\BoundMethod.php(81): Illuminate\\Container\\Util::unwrapIfClosure(Object(Closure))
#24 D:\\Materi Kuliah\\Semester 4\\PEMROGRAMAN FRAMEWORK\\Minggu 5\\Minggu-5\\vendor\\laravel\\framework\\src\\Illuminate\\Container\\BoundMethod.php(35): Illuminate\\Container\\BoundMethod::callBoundMethod(Object(Illuminate\\Foundation\\Application), Object(Closure), Object(Closure))
#25 D:\\Materi Kuliah\\Semester 4\\PEMROGRAMAN FRAMEWORK\\Minggu 5\\Minggu-5\\vendor\\laravel\\framework\\src\\Illuminate\\Container\\Container.php(662): Illuminate\\Container\\BoundMethod::call(Object(Illuminate\\Foundation\\Application), Object(Closure), Array, NULL)
#26 D:\\Materi Kuliah\\Semester 4\\PEMROGRAMAN FRAMEWORK\\Minggu 5\\Minggu-5\\vendor\\laravel\\framework\\src\\Illuminate\\Support\\ServiceProvider.php(126): Illuminate\\Container\\Container->call(Object(Closure))
#27 D:\\Materi Kuliah\\Semester 4\\PEMROGRAMAN FRAMEWORK\\Minggu 5\\Minggu-5\\vendor\\laravel\\framework\\src\\Illuminate\\Foundation\\Application.php(1102): Illuminate\\Support\\ServiceProvider->callBootedCallbacks()
#28 D:\\Materi Kuliah\\Semester 4\\PEMROGRAMAN FRAMEWORK\\Minggu 5\\Minggu-5\\vendor\\laravel\\framework\\src\\Illuminate\\Foundation\\Application.php(1080): Illuminate\\Foundation\\Application->bootProvider(Object(Illuminate\\Foundation\\Support\\Providers\\RouteServiceProvider))
#29 [internal function]: Illuminate\\Foundation\\Application->Illuminate\\Foundation\\{closure}(Object(Illuminate\\Foundation\\Support\\Providers\\RouteServiceProvider), 24)
#30 D:\\Materi Kuliah\\Semester 4\\PEMROGRAMAN FRAMEWORK\\Minggu 5\\Minggu-5\\vendor\\laravel\\framework\\src\\Illuminate\\Foundation\\Application.php(1079): array_walk(Array, Object(Closure))
#31 D:\\Materi Kuliah\\Semester 4\\PEMROGRAMAN FRAMEWORK\\Minggu 5\\Minggu-5\\vendor\\laravel\\framework\\src\\Illuminate\\Foundation\\Bootstrap\\BootProviders.php(17): Illuminate\\Foundation\\Application->boot()
#32 D:\\Materi Kuliah\\Semester 4\\PEMROGRAMAN FRAMEWORK\\Minggu 5\\Minggu-5\\vendor\\laravel\\framework\\src\\Illuminate\\Foundation\\Application.php(309): Illuminate\\Foundation\\Bootstrap\\BootProviders->bootstrap(Object(Illuminate\\Foundation\\Application))
#33 D:\\Materi Kuliah\\Semester 4\\PEMROGRAMAN FRAMEWORK\\Minggu 5\\Minggu-5\\vendor\\laravel\\framework\\src\\Illuminate\\Foundation\\Console\\Kernel.php(470): Illuminate\\Foundation\\Application->bootstrapWith(Array)
#34 D:\\Materi Kuliah\\Semester 4\\PEMROGRAMAN FRAMEWORK\\Minggu 5\\Minggu-5\\vendor\\laravel\\framework\\src\\Illuminate\\Foundation\\Console\\Kernel.php(194): Illuminate\\Foundation\\Console\\Kernel->bootstrap()
#35 Command line code(1): Illuminate\\Foundation\\Console\\Kernel->handle(Object(Symfony\\Component\\Console\\Input\\ArgvInput), Object(Symfony\\Component\\Console\\Output\\ConsoleOutput))
#36 {main}
"} 
[2024-04-02 04:41:27] local.ERROR: Invalid route action: [ProfileController]. {"exception":"[object] (UnexpectedValueException(code: 0): Invalid route action: [ProfileController]. at D:\\Materi Kuliah\\Semester 4\\PEMROGRAMAN FRAMEWORK\\Minggu 5\\Minggu-5\\vendor\\laravel\\framework\\src\\Illuminate\\Routing\\RouteAction.php:92)
[stacktrace]
#0 D:\\Materi Kuliah\\Semester 4\\PEMROGRAMAN FRAMEWORK\\Minggu 5\\Minggu-5\\vendor\\laravel\\framework\\src\\Illuminate\\Routing\\RouteAction.php(47): Illuminate\\Routing\\RouteAction::makeInvokable('ProfileControll...')
#1 D:\\Materi Kuliah\\Semester 4\\PEMROGRAMAN FRAMEWORK\\Minggu 5\\Minggu-5\\vendor\\laravel\\framework\\src\\Illuminate\\Routing\\Route.php(192): Illuminate\\Routing\\RouteAction::parse('profile', Array)
#2 D:\\Materi Kuliah\\Semester 4\\PEMROGRAMAN FRAMEWORK\\Minggu 5\\Minggu-5\\vendor\\laravel\\framework\\src\\Illuminate\\Routing\\Route.php(173): Illuminate\\Routing\\Route->parseAction(Array)
#3 D:\\Materi Kuliah\\Semester 4\\PEMROGRAMAN FRAMEWORK\\Minggu 5\\Minggu-5\\vendor\\laravel\\framework\\src\\Illuminate\\Routing\\Router.php(669): Illuminate\\Routing\\Route->__construct(Array, 'profile', Array)
#4 D:\\Materi Kuliah\\Semester 4\\PEMROGRAMAN FRAMEWORK\\Minggu 5\\Minggu-5\\vendor\\laravel\\framework\\src\\Illuminate\\Routing\\Router.php(561): Illuminate\\Routing\\Router->newRoute(Array, 'profile', Array)
#5 D:\\Materi Kuliah\\Semester 4\\PEMROGRAMAN FRAMEWORK\\Minggu 5\\Minggu-5\\vendor\\laravel\\framework\\src\\Illuminate\\Routing\\Router.php(541): Illuminate\\Routing\\Router->createRoute(Array, 'profile', Array)
#6 D:\\Materi Kuliah\\Semester 4\\PEMROGRAMAN FRAMEWORK\\Minggu 5\\Minggu-5\\vendor\\laravel\\framework\\src\\Illuminate\\Routing\\Router.php(159): Illuminate\\Routing\\Router->addRoute(Array, 'profile', 'ProfileControll...')
#7 D:\\Materi Kuliah\\Semester 4\\PEMROGRAMAN FRAMEWORK\\Minggu 5\\Minggu-5\\vendor\\laravel\\framework\\src\\Illuminate\\Support\\Facades\\Facade.php(357): Illuminate\\Routing\\Router->get('profile', 'ProfileControll...')
#8 D:\\Materi Kuliah\\Semester 4\\PEMROGRAMAN FRAMEWORK\\Minggu 5\\Minggu-5\\routes\\web.php(12): Illuminate\\Support\\Facades\\Facade::__callStatic('get', Array)
#9 D:\\Materi Kuliah\\Semester 4\\PEMROGRAMAN FRAMEWORK\\Minggu 5\\Minggu-5\\vendor\\laravel\\framework\\src\\Illuminate\\Routing\\RouteFileRegistrar.php(35): require('D:\\\\Materi Kulia...')
#10 D:\\Materi Kuliah\\Semester 4\\PEMROGRAMAN FRAMEWORK\\Minggu 5\\Minggu-5\\vendor\\laravel\\framework\\src\\Illuminate\\Routing\\Router.php(511): Illuminate\\Routing\\RouteFileRegistrar->register('D:\\\\Materi Kulia...')
#11 D:\\Materi Kuliah\\Semester 4\\PEMROGRAMAN FRAMEWORK\\Minggu 5\\Minggu-5\\vendor\\laravel\\framework\\src\\Illuminate\\Routing\\Router.php(465): Illuminate\\Routing\\Router->loadRoutes('D:\\\\Materi Kulia...')
#12 D:\\Materi Kuliah\\Semester 4\\PEMROGRAMAN FRAMEWORK\\Minggu 5\\Minggu-5\\vendor\\laravel\\framework\\src\\Illuminate\\Routing\\RouteRegistrar.php(194): Illuminate\\Routing\\Router->group(Array, 'D:\\\\Materi Kulia...')
#13 D:\\Materi Kuliah\\Semester 4\\PEMROGRAMAN FRAMEWORK\\Minggu 5\\Minggu-5\\vendor\\laravel\\framework\\src\\Illuminate\\Foundation\\Configuration\\ApplicationBuilder.php(202): Illuminate\\Routing\\RouteRegistrar->group('D:\\\\Materi Kulia...')
#14 D:\\Materi Kuliah\\Semester 4\\PEMROGRAMAN FRAMEWORK\\Minggu 5\\Minggu-5\\vendor\\laravel\\framework\\src\\Illuminate\\Container\\BoundMethod.php(36): Illuminate\\Foundation\\Configuration\\ApplicationBuilder->Illuminate\\Foundation\\Configuration\\{closure}()
#15 D:\\Materi Kuliah\\Semester 4\\PEMROGRAMAN FRAMEWORK\\Minggu 5\\Minggu-5\\vendor\\laravel\\framework\\src\\Illuminate\\Container\\Util.php(41): Illuminate\\Container\\BoundMethod::Illuminate\\Container\\{closure}()
#16 D:\\Materi Kuliah\\Semester 4\\PEMROGRAMAN FRAMEWORK\\Minggu 5\\Minggu-5\\vendor\\laravel\\framework\\src\\Illuminate\\Container\\BoundMethod.php(81): Illuminate\\Container\\Util::unwrapIfClosure(Object(Closure))
#17 D:\\Materi Kuliah\\Semester 4\\PEMROGRAMAN FRAMEWORK\\Minggu 5\\Minggu-5\\vendor\\laravel\\framework\\src\\Illuminate\\Container\\BoundMethod.php(35): Illuminate\\Container\\BoundMethod::callBoundMethod(Object(Illuminate\\Foundation\\Application), Object(Closure), Object(Closure))
#18 D:\\Materi Kuliah\\Semester 4\\PEMROGRAMAN FRAMEWORK\\Minggu 5\\Minggu-5\\vendor\\laravel\\framework\\src\\Illuminate\\Container\\Container.php(662): Illuminate\\Container\\BoundMethod::call(Object(Illuminate\\Foundation\\Application), Object(Closure), Array, NULL)
#19 D:\\Materi Kuliah\\Semester 4\\PEMROGRAMAN FRAMEWORK\\Minggu 5\\Minggu-5\\vendor\\laravel\\framework\\src\\Illuminate\\Foundation\\Support\\Providers\\RouteServiceProvider.php(138): Illuminate\\Container\\Container->call(Object(Closure))
#20 D:\\Materi Kuliah\\Semester 4\\PEMROGRAMAN FRAMEWORK\\Minggu 5\\Minggu-5\\vendor\\laravel\\framework\\src\\Illuminate\\Foundation\\Support\\Providers\\RouteServiceProvider.php(52): Illuminate\\Foundation\\Support\\Providers\\RouteServiceProvider->loadRoutes()
#21 D:\\Materi Kuliah\\Semester 4\\PEMROGRAMAN FRAMEWORK\\Minggu 5\\Minggu-5\\vendor\\laravel\\framework\\src\\Illuminate\\Container\\BoundMethod.php(36): Illuminate\\Foundation\\Support\\Providers\\RouteServiceProvider->Illuminate\\Foundation\\Support\\Providers\\{closure}()
#22 D:\\Materi Kuliah\\Semester 4\\PEMROGRAMAN FRAMEWORK\\Minggu 5\\Minggu-5\\vendor\\laravel\\framework\\src\\Illuminate\\Container\\Util.php(41): Illuminate\\Container\\BoundMethod::Illuminate\\Container\\{closure}()
#23 D:\\Materi Kuliah\\Semester 4\\PEMROGRAMAN FRAMEWORK\\Minggu 5\\Minggu-5\\vendor\\laravel\\framework\\src\\Illuminate\\Container\\BoundMethod.php(81): Illuminate\\Container\\Util::unwrapIfClosure(Object(Closure))
#24 D:\\Materi Kuliah\\Semester 4\\PEMROGRAMAN FRAMEWORK\\Minggu 5\\Minggu-5\\vendor\\laravel\\framework\\src\\Illuminate\\Container\\BoundMethod.php(35): Illuminate\\Container\\BoundMethod::callBoundMethod(Object(Illuminate\\Foundation\\Application), Object(Closure), Object(Closure))
#25 D:\\Materi Kuliah\\Semester 4\\PEMROGRAMAN FRAMEWORK\\Minggu 5\\Minggu-5\\vendor\\laravel\\framework\\src\\Illuminate\\Container\\Container.php(662): Illuminate\\Container\\BoundMethod::call(Object(Illuminate\\Foundation\\Application), Object(Closure), Array, NULL)
#26 D:\\Materi Kuliah\\Semester 4\\PEMROGRAMAN FRAMEWORK\\Minggu 5\\Minggu-5\\vendor\\laravel\\framework\\src\\Illuminate\\Support\\ServiceProvider.php(126): Illuminate\\Container\\Container->call(Object(Closure))
#27 D:\\Materi Kuliah\\Semester 4\\PEMROGRAMAN FRAMEWORK\\Minggu 5\\Minggu-5\\vendor\\laravel\\framework\\src\\Illuminate\\Foundation\\Application.php(1102): Illuminate\\Support\\ServiceProvider->callBootedCallbacks()
#28 D:\\Materi Kuliah\\Semester 4\\PEMROGRAMAN FRAMEWORK\\Minggu 5\\Minggu-5\\vendor\\laravel\\framework\\src\\Illuminate\\Foundation\\Application.php(1080): Illuminate\\Foundation\\Application->bootProvider(Object(Illuminate\\Foundation\\Support\\Providers\\RouteServiceProvider))
#29 [internal function]: Illuminate\\Foundation\\Application->Illuminate\\Foundation\\{closure}(Object(Illuminate\\Foundation\\Support\\Providers\\RouteServiceProvider), 24)
#30 D:\\Materi Kuliah\\Semester 4\\PEMROGRAMAN FRAMEWORK\\Minggu 5\\Minggu-5\\vendor\\laravel\\framework\\src\\Illuminate\\Foundation\\Application.php(1079): array_walk(Array, Object(Closure))
#31 D:\\Materi Kuliah\\Semester 4\\PEMROGRAMAN FRAMEWORK\\Minggu 5\\Minggu-5\\vendor\\laravel\\framework\\src\\Illuminate\\Foundation\\Bootstrap\\BootProviders.php(17): Illuminate\\Foundation\\Application->boot()
#32 D:\\Materi Kuliah\\Semester 4\\PEMROGRAMAN FRAMEWORK\\Minggu 5\\Minggu-5\\vendor\\laravel\\framework\\src\\Illuminate\\Foundation\\Application.php(309): Illuminate\\Foundation\\Bootstrap\\BootProviders->bootstrap(Object(Illuminate\\Foundation\\Application))
#33 D:\\Materi Kuliah\\Semester 4\\PEMROGRAMAN FRAMEWORK\\Minggu 5\\Minggu-5\\vendor\\laravel\\framework\\src\\Illuminate\\Foundation\\Console\\Kernel.php(470): Illuminate\\Foundation\\Application->bootstrapWith(Array)
#34 D:\\Materi Kuliah\\Semester 4\\PEMROGRAMAN FRAMEWORK\\Minggu 5\\Minggu-5\\vendor\\laravel\\framework\\src\\Illuminate\\Foundation\\Console\\Kernel.php(194): Illuminate\\Foundation\\Console\\Kernel->bootstrap()
#35 Command line code(1): Illuminate\\Foundation\\Console\\Kernel->handle(Object(Symfony\\Component\\Console\\Input\\ArgvInput), Object(Symfony\\Component\\Console\\Output\\ConsoleOutput))
#36 {main}
"} 
[2024-04-02 04:41:30] local.ERROR: Invalid route action: [ProfileController]. {"exception":"[object] (UnexpectedValueException(code: 0): Invalid route action: [ProfileController]. at D:\\Materi Kuliah\\Semester 4\\PEMROGRAMAN FRAMEWORK\\Minggu 5\\Minggu-5\\vendor\\laravel\\framework\\src\\Illuminate\\Routing\\RouteAction.php:92)
[stacktrace]
#0 D:\\Materi Kuliah\\Semester 4\\PEMROGRAMAN FRAMEWORK\\Minggu 5\\Minggu-5\\vendor\\laravel\\framework\\src\\Illuminate\\Routing\\RouteAction.php(47): Illuminate\\Routing\\RouteAction::makeInvokable('ProfileControll...')
#1 D:\\Materi Kuliah\\Semester 4\\PEMROGRAMAN FRAMEWORK\\Minggu 5\\Minggu-5\\vendor\\laravel\\framework\\src\\Illuminate\\Routing\\Route.php(192): Illuminate\\Routing\\RouteAction::parse('profile', Array)
#2 D:\\Materi Kuliah\\Semester 4\\PEMROGRAMAN FRAMEWORK\\Minggu 5\\Minggu-5\\vendor\\laravel\\framework\\src\\Illuminate\\Routing\\Route.php(173): Illuminate\\Routing\\Route->parseAction(Array)
#3 D:\\Materi Kuliah\\Semester 4\\PEMROGRAMAN FRAMEWORK\\Minggu 5\\Minggu-5\\vendor\\laravel\\framework\\src\\Illuminate\\Routing\\Router.php(669): Illuminate\\Routing\\Route->__construct(Array, 'profile', Array)
#4 D:\\Materi Kuliah\\Semester 4\\PEMROGRAMAN FRAMEWORK\\Minggu 5\\Minggu-5\\vendor\\laravel\\framework\\src\\Illuminate\\Routing\\Router.php(561): Illuminate\\Routing\\Router->newRoute(Array, 'profile', Array)
#5 D:\\Materi Kuliah\\Semester 4\\PEMROGRAMAN FRAMEWORK\\Minggu 5\\Minggu-5\\vendor\\laravel\\framework\\src\\Illuminate\\Routing\\Router.php(541): Illuminate\\Routing\\Router->createRoute(Array, 'profile', Array)
#6 D:\\Materi Kuliah\\Semester 4\\PEMROGRAMAN FRAMEWORK\\Minggu 5\\Minggu-5\\vendor\\laravel\\framework\\src\\Illuminate\\Routing\\Router.php(159): Illuminate\\Routing\\Router->addRoute(Array, 'profile', 'ProfileControll...')
#7 D:\\Materi Kuliah\\Semester 4\\PEMROGRAMAN FRAMEWORK\\Minggu 5\\Minggu-5\\vendor\\laravel\\framework\\src\\Illuminate\\Support\\Facades\\Facade.php(357): Illuminate\\Routing\\Router->get('profile', 'ProfileControll...')
#8 D:\\Materi Kuliah\\Semester 4\\PEMROGRAMAN FRAMEWORK\\Minggu 5\\Minggu-5\\routes\\web.php(12): Illuminate\\Support\\Facades\\Facade::__callStatic('get', Array)
#9 D:\\Materi Kuliah\\Semester 4\\PEMROGRAMAN FRAMEWORK\\Minggu 5\\Minggu-5\\vendor\\laravel\\framework\\src\\Illuminate\\Routing\\RouteFileRegistrar.php(35): require('D:\\\\Materi Kulia...')
#10 D:\\Materi Kuliah\\Semester 4\\PEMROGRAMAN FRAMEWORK\\Minggu 5\\Minggu-5\\vendor\\laravel\\framework\\src\\Illuminate\\Routing\\Router.php(511): Illuminate\\Routing\\RouteFileRegistrar->register('D:\\\\Materi Kulia...')
#11 D:\\Materi Kuliah\\Semester 4\\PEMROGRAMAN FRAMEWORK\\Minggu 5\\Minggu-5\\vendor\\laravel\\framework\\src\\Illuminate\\Routing\\Router.php(465): Illuminate\\Routing\\Router->loadRoutes('D:\\\\Materi Kulia...')
#12 D:\\Materi Kuliah\\Semester 4\\PEMROGRAMAN FRAMEWORK\\Minggu 5\\Minggu-5\\vendor\\laravel\\framework\\src\\Illuminate\\Routing\\RouteRegistrar.php(194): Illuminate\\Routing\\Router->group(Array, 'D:\\\\Materi Kulia...')
#13 D:\\Materi Kuliah\\Semester 4\\PEMROGRAMAN FRAMEWORK\\Minggu 5\\Minggu-5\\vendor\\laravel\\framework\\src\\Illuminate\\Foundation\\Configuration\\ApplicationBuilder.php(202): Illuminate\\Routing\\RouteRegistrar->group('D:\\\\Materi Kulia...')
#14 D:\\Materi Kuliah\\Semester 4\\PEMROGRAMAN FRAMEWORK\\Minggu 5\\Minggu-5\\vendor\\laravel\\framework\\src\\Illuminate\\Container\\BoundMethod.php(36): Illuminate\\Foundation\\Configuration\\ApplicationBuilder->Illuminate\\Foundation\\Configuration\\{closure}()
#15 D:\\Materi Kuliah\\Semester 4\\PEMROGRAMAN FRAMEWORK\\Minggu 5\\Minggu-5\\vendor\\laravel\\framework\\src\\Illuminate\\Container\\Util.php(41): Illuminate\\Container\\BoundMethod::Illuminate\\Container\\{closure}()
#16 D:\\Materi Kuliah\\Semester 4\\PEMROGRAMAN FRAMEWORK\\Minggu 5\\Minggu-5\\vendor\\laravel\\framework\\src\\Illuminate\\Container\\BoundMethod.php(81): Illuminate\\Container\\Util::unwrapIfClosure(Object(Closure))
#17 D:\\Materi Kuliah\\Semester 4\\PEMROGRAMAN FRAMEWORK\\Minggu 5\\Minggu-5\\vendor\\laravel\\framework\\src\\Illuminate\\Container\\BoundMethod.php(35): Illuminate\\Container\\BoundMethod::callBoundMethod(Object(Illuminate\\Foundation\\Application), Object(Closure), Object(Closure))
#18 D:\\Materi Kuliah\\Semester 4\\PEMROGRAMAN FRAMEWORK\\Minggu 5\\Minggu-5\\vendor\\laravel\\framework\\src\\Illuminate\\Container\\Container.php(662): Illuminate\\Container\\BoundMethod::call(Object(Illuminate\\Foundation\\Application), Object(Closure), Array, NULL)
#19 D:\\Materi Kuliah\\Semester 4\\PEMROGRAMAN FRAMEWORK\\Minggu 5\\Minggu-5\\vendor\\laravel\\framework\\src\\Illuminate\\Foundation\\Support\\Providers\\RouteServiceProvider.php(138): Illuminate\\Container\\Container->call(Object(Closure))
#20 D:\\Materi Kuliah\\Semester 4\\PEMROGRAMAN FRAMEWORK\\Minggu 5\\Minggu-5\\vendor\\laravel\\framework\\src\\Illuminate\\Foundation\\Support\\Providers\\RouteServiceProvider.php(52): Illuminate\\Foundation\\Support\\Providers\\RouteServiceProvider->loadRoutes()
#21 D:\\Materi Kuliah\\Semester 4\\PEMROGRAMAN FRAMEWORK\\Minggu 5\\Minggu-5\\vendor\\laravel\\framework\\src\\Illuminate\\Container\\BoundMethod.php(36): Illuminate\\Foundation\\Support\\Providers\\RouteServiceProvider->Illuminate\\Foundation\\Support\\Providers\\{closure}()
#22 D:\\Materi Kuliah\\Semester 4\\PEMROGRAMAN FRAMEWORK\\Minggu 5\\Minggu-5\\vendor\\laravel\\framework\\src\\Illuminate\\Container\\Util.php(41): Illuminate\\Container\\BoundMethod::Illuminate\\Container\\{closure}()
#23 D:\\Materi Kuliah\\Semester 4\\PEMROGRAMAN FRAMEWORK\\Minggu 5\\Minggu-5\\vendor\\laravel\\framework\\src\\Illuminate\\Container\\BoundMethod.php(81): Illuminate\\Container\\Util::unwrapIfClosure(Object(Closure))
#24 D:\\Materi Kuliah\\Semester 4\\PEMROGRAMAN FRAMEWORK\\Minggu 5\\Minggu-5\\vendor\\laravel\\framework\\src\\Illuminate\\Container\\BoundMethod.php(35): Illuminate\\Container\\BoundMethod::callBoundMethod(Object(Illuminate\\Foundation\\Application), Object(Closure), Object(Closure))
#25 D:\\Materi Kuliah\\Semester 4\\PEMROGRAMAN FRAMEWORK\\Minggu 5\\Minggu-5\\vendor\\laravel\\framework\\src\\Illuminate\\Container\\Container.php(662): Illuminate\\Container\\BoundMethod::call(Object(Illuminate\\Foundation\\Application), Object(Closure), Array, NULL)
#26 D:\\Materi Kuliah\\Semester 4\\PEMROGRAMAN FRAMEWORK\\Minggu 5\\Minggu-5\\vendor\\laravel\\framework\\src\\Illuminate\\Support\\ServiceProvider.php(126): Illuminate\\Container\\Container->call(Object(Closure))
#27 D:\\Materi Kuliah\\Semester 4\\PEMROGRAMAN FRAMEWORK\\Minggu 5\\Minggu-5\\vendor\\laravel\\framework\\src\\Illuminate\\Foundation\\Application.php(1102): Illuminate\\Support\\ServiceProvider->callBootedCallbacks()
#28 D:\\Materi Kuliah\\Semester 4\\PEMROGRAMAN FRAMEWORK\\Minggu 5\\Minggu-5\\vendor\\laravel\\framework\\src\\Illuminate\\Foundation\\Application.php(1080): Illuminate\\Foundation\\Application->bootProvider(Object(Illuminate\\Foundation\\Support\\Providers\\RouteServiceProvider))
#29 [internal function]: Illuminate\\Foundation\\Application->Illuminate\\Foundation\\{closure}(Object(Illuminate\\Foundation\\Support\\Providers\\RouteServiceProvider), 24)
#30 D:\\Materi Kuliah\\Semester 4\\PEMROGRAMAN FRAMEWORK\\Minggu 5\\Minggu-5\\vendor\\laravel\\framework\\src\\Illuminate\\Foundation\\Application.php(1079): array_walk(Array, Object(Closure))
#31 D:\\Materi Kuliah\\Semester 4\\PEMROGRAMAN FRAMEWORK\\Minggu 5\\Minggu-5\\vendor\\laravel\\framework\\src\\Illuminate\\Foundation\\Bootstrap\\BootProviders.php(17): Illuminate\\Foundation\\Application->boot()
#32 D:\\Materi Kuliah\\Semester 4\\PEMROGRAMAN FRAMEWORK\\Minggu 5\\Minggu-5\\vendor\\laravel\\framework\\src\\Illuminate\\Foundation\\Application.php(309): Illuminate\\Foundation\\Bootstrap\\BootProviders->bootstrap(Object(Illuminate\\Foundation\\Application))
#33 D:\\Materi Kuliah\\Semester 4\\PEMROGRAMAN FRAMEWORK\\Minggu 5\\Minggu-5\\vendor\\laravel\\framework\\src\\Illuminate\\Foundation\\Console\\Kernel.php(470): Illuminate\\Foundation\\Application->bootstrapWith(Array)
#34 D:\\Materi Kuliah\\Semester 4\\PEMROGRAMAN FRAMEWORK\\Minggu 5\\Minggu-5\\vendor\\laravel\\framework\\src\\Illuminate\\Foundation\\Console\\Kernel.php(194): Illuminate\\Foundation\\Console\\Kernel->bootstrap()
#35 Command line code(1): Illuminate\\Foundation\\Console\\Kernel->handle(Object(Symfony\\Component\\Console\\Input\\ArgvInput), Object(Symfony\\Component\\Console\\Output\\ConsoleOutput))
#36 {main}
"} 
[2024-04-02 04:41:31] local.ERROR: Invalid route action: [ProfileController]. {"exception":"[object] (UnexpectedValueException(code: 0): Invalid route action: [ProfileController]. at D:\\Materi Kuliah\\Semester 4\\PEMROGRAMAN FRAMEWORK\\Minggu 5\\Minggu-5\\vendor\\laravel\\framework\\src\\Illuminate\\Routing\\RouteAction.php:92)
[stacktrace]
#0 D:\\Materi Kuliah\\Semester 4\\PEMROGRAMAN FRAMEWORK\\Minggu 5\\Minggu-5\\vendor\\laravel\\framework\\src\\Illuminate\\Routing\\RouteAction.php(47): Illuminate\\Routing\\RouteAction::makeInvokable('ProfileControll...')
#1 D:\\Materi Kuliah\\Semester 4\\PEMROGRAMAN FRAMEWORK\\Minggu 5\\Minggu-5\\vendor\\laravel\\framework\\src\\Illuminate\\Routing\\Route.php(192): Illuminate\\Routing\\RouteAction::parse('profile', Array)
#2 D:\\Materi Kuliah\\Semester 4\\PEMROGRAMAN FRAMEWORK\\Minggu 5\\Minggu-5\\vendor\\laravel\\framework\\src\\Illuminate\\Routing\\Route.php(173): Illuminate\\Routing\\Route->parseAction(Array)
#3 D:\\Materi Kuliah\\Semester 4\\PEMROGRAMAN FRAMEWORK\\Minggu 5\\Minggu-5\\vendor\\laravel\\framework\\src\\Illuminate\\Routing\\Router.php(669): Illuminate\\Routing\\Route->__construct(Array, 'profile', Array)
#4 D:\\Materi Kuliah\\Semester 4\\PEMROGRAMAN FRAMEWORK\\Minggu 5\\Minggu-5\\vendor\\laravel\\framework\\src\\Illuminate\\Routing\\Router.php(561): Illuminate\\Routing\\Router->newRoute(Array, 'profile', Array)
#5 D:\\Materi Kuliah\\Semester 4\\PEMROGRAMAN FRAMEWORK\\Minggu 5\\Minggu-5\\vendor\\laravel\\framework\\src\\Illuminate\\Routing\\Router.php(541): Illuminate\\Routing\\Router->createRoute(Array, 'profile', Array)
#6 D:\\Materi Kuliah\\Semester 4\\PEMROGRAMAN FRAMEWORK\\Minggu 5\\Minggu-5\\vendor\\laravel\\framework\\src\\Illuminate\\Routing\\Router.php(159): Illuminate\\Routing\\Router->addRoute(Array, 'profile', 'ProfileControll...')
#7 D:\\Materi Kuliah\\Semester 4\\PEMROGRAMAN FRAMEWORK\\Minggu 5\\Minggu-5\\vendor\\laravel\\framework\\src\\Illuminate\\Support\\Facades\\Facade.php(357): Illuminate\\Routing\\Router->get('profile', 'ProfileControll...')
#8 D:\\Materi Kuliah\\Semester 4\\PEMROGRAMAN FRAMEWORK\\Minggu 5\\Minggu-5\\routes\\web.php(13): Illuminate\\Support\\Facades\\Facade::__callStatic('get', Array)
#9 D:\\Materi Kuliah\\Semester 4\\PEMROGRAMAN FRAMEWORK\\Minggu 5\\Minggu-5\\vendor\\laravel\\framework\\src\\Illuminate\\Routing\\RouteFileRegistrar.php(35): require('D:\\\\Materi Kulia...')
#10 D:\\Materi Kuliah\\Semester 4\\PEMROGRAMAN FRAMEWORK\\Minggu 5\\Minggu-5\\vendor\\laravel\\framework\\src\\Illuminate\\Routing\\Router.php(511): Illuminate\\Routing\\RouteFileRegistrar->register('D:\\\\Materi Kulia...')
#11 D:\\Materi Kuliah\\Semester 4\\PEMROGRAMAN FRAMEWORK\\Minggu 5\\Minggu-5\\vendor\\laravel\\framework\\src\\Illuminate\\Routing\\Router.php(465): Illuminate\\Routing\\Router->loadRoutes('D:\\\\Materi Kulia...')
#12 D:\\Materi Kuliah\\Semester 4\\PEMROGRAMAN FRAMEWORK\\Minggu 5\\Minggu-5\\vendor\\laravel\\framework\\src\\Illuminate\\Routing\\RouteRegistrar.php(194): Illuminate\\Routing\\Router->group(Array, 'D:\\\\Materi Kulia...')
#13 D:\\Materi Kuliah\\Semester 4\\PEMROGRAMAN FRAMEWORK\\Minggu 5\\Minggu-5\\vendor\\laravel\\framework\\src\\Illuminate\\Foundation\\Configuration\\ApplicationBuilder.php(202): Illuminate\\Routing\\RouteRegistrar->group('D:\\\\Materi Kulia...')
#14 D:\\Materi Kuliah\\Semester 4\\PEMROGRAMAN FRAMEWORK\\Minggu 5\\Minggu-5\\vendor\\laravel\\framework\\src\\Illuminate\\Container\\BoundMethod.php(36): Illuminate\\Foundation\\Configuration\\ApplicationBuilder->Illuminate\\Foundation\\Configuration\\{closure}()
#15 D:\\Materi Kuliah\\Semester 4\\PEMROGRAMAN FRAMEWORK\\Minggu 5\\Minggu-5\\vendor\\laravel\\framework\\src\\Illuminate\\Container\\Util.php(41): Illuminate\\Container\\BoundMethod::Illuminate\\Container\\{closure}()
#16 D:\\Materi Kuliah\\Semester 4\\PEMROGRAMAN FRAMEWORK\\Minggu 5\\Minggu-5\\vendor\\laravel\\framework\\src\\Illuminate\\Container\\BoundMethod.php(81): Illuminate\\Container\\Util::unwrapIfClosure(Object(Closure))
#17 D:\\Materi Kuliah\\Semester 4\\PEMROGRAMAN FRAMEWORK\\Minggu 5\\Minggu-5\\vendor\\laravel\\framework\\src\\Illuminate\\Container\\BoundMethod.php(35): Illuminate\\Container\\BoundMethod::callBoundMethod(Object(Illuminate\\Foundation\\Application), Object(Closure), Object(Closure))
#18 D:\\Materi Kuliah\\Semester 4\\PEMROGRAMAN FRAMEWORK\\Minggu 5\\Minggu-5\\vendor\\laravel\\framework\\src\\Illuminate\\Container\\Container.php(662): Illuminate\\Container\\BoundMethod::call(Object(Illuminate\\Foundation\\Application), Object(Closure), Array, NULL)
#19 D:\\Materi Kuliah\\Semester 4\\PEMROGRAMAN FRAMEWORK\\Minggu 5\\Minggu-5\\vendor\\laravel\\framework\\src\\Illuminate\\Foundation\\Support\\Providers\\RouteServiceProvider.php(138): Illuminate\\Container\\Container->call(Object(Closure))
#20 D:\\Materi Kuliah\\Semester 4\\PEMROGRAMAN FRAMEWORK\\Minggu 5\\Minggu-5\\vendor\\laravel\\framework\\src\\Illuminate\\Foundation\\Support\\Providers\\RouteServiceProvider.php(52): Illuminate\\Foundation\\Support\\Providers\\RouteServiceProvider->loadRoutes()
#21 D:\\Materi Kuliah\\Semester 4\\PEMROGRAMAN FRAMEWORK\\Minggu 5\\Minggu-5\\vendor\\laravel\\framework\\src\\Illuminate\\Container\\BoundMethod.php(36): Illuminate\\Foundation\\Support\\Providers\\RouteServiceProvider->Illuminate\\Foundation\\Support\\Providers\\{closure}()
#22 D:\\Materi Kuliah\\Semester 4\\PEMROGRAMAN FRAMEWORK\\Minggu 5\\Minggu-5\\vendor\\laravel\\framework\\src\\Illuminate\\Container\\Util.php(41): Illuminate\\Container\\BoundMethod::Illuminate\\Container\\{closure}()
#23 D:\\Materi Kuliah\\Semester 4\\PEMROGRAMAN FRAMEWORK\\Minggu 5\\Minggu-5\\vendor\\laravel\\framework\\src\\Illuminate\\Container\\BoundMethod.php(81): Illuminate\\Container\\Util::unwrapIfClosure(Object(Closure))
#24 D:\\Materi Kuliah\\Semester 4\\PEMROGRAMAN FRAMEWORK\\Minggu 5\\Minggu-5\\vendor\\laravel\\framework\\src\\Illuminate\\Container\\BoundMethod.php(35): Illuminate\\Container\\BoundMethod::callBoundMethod(Object(Illuminate\\Foundation\\Application), Object(Closure), Object(Closure))
#25 D:\\Materi Kuliah\\Semester 4\\PEMROGRAMAN FRAMEWORK\\Minggu 5\\Minggu-5\\vendor\\laravel\\framework\\src\\Illuminate\\Container\\Container.php(662): Illuminate\\Container\\BoundMethod::call(Object(Illuminate\\Foundation\\Application), Object(Closure), Array, NULL)
#26 D:\\Materi Kuliah\\Semester 4\\PEMROGRAMAN FRAMEWORK\\Minggu 5\\Minggu-5\\vendor\\laravel\\framework\\src\\Illuminate\\Support\\ServiceProvider.php(126): Illuminate\\Container\\Container->call(Object(Closure))
#27 D:\\Materi Kuliah\\Semester 4\\PEMROGRAMAN FRAMEWORK\\Minggu 5\\Minggu-5\\vendor\\laravel\\framework\\src\\Illuminate\\Foundation\\Application.php(1102): Illuminate\\Support\\ServiceProvider->callBootedCallbacks()
#28 D:\\Materi Kuliah\\Semester 4\\PEMROGRAMAN FRAMEWORK\\Minggu 5\\Minggu-5\\vendor\\laravel\\framework\\src\\Illuminate\\Foundation\\Application.php(1080): Illuminate\\Foundation\\Application->bootProvider(Object(Illuminate\\Foundation\\Support\\Providers\\RouteServiceProvider))
#29 [internal function]: Illuminate\\Foundation\\Application->Illuminate\\Foundation\\{closure}(Object(Illuminate\\Foundation\\Support\\Providers\\RouteServiceProvider), 23)
#30 D:\\Materi Kuliah\\Semester 4\\PEMROGRAMAN FRAMEWORK\\Minggu 5\\Minggu-5\\vendor\\laravel\\framework\\src\\Illuminate\\Foundation\\Application.php(1079): array_walk(Array, Object(Closure))
#31 D:\\Materi Kuliah\\Semester 4\\PEMROGRAMAN FRAMEWORK\\Minggu 5\\Minggu-5\\vendor\\laravel\\framework\\src\\Illuminate\\Foundation\\Bootstrap\\BootProviders.php(17): Illuminate\\Foundation\\Application->boot()
#32 D:\\Materi Kuliah\\Semester 4\\PEMROGRAMAN FRAMEWORK\\Minggu 5\\Minggu-5\\vendor\\laravel\\framework\\src\\Illuminate\\Foundation\\Application.php(309): Illuminate\\Foundation\\Bootstrap\\BootProviders->bootstrap(Object(Illuminate\\Foundation\\Application))
#33 D:\\Materi Kuliah\\Semester 4\\PEMROGRAMAN FRAMEWORK\\Minggu 5\\Minggu-5\\vendor\\laravel\\framework\\src\\Illuminate\\Foundation\\Http\\Kernel.php(186): Illuminate\\Foundation\\Application->bootstrapWith(Array)
#34 D:\\Materi Kuliah\\Semester 4\\PEMROGRAMAN FRAMEWORK\\Minggu 5\\Minggu-5\\vendor\\laravel\\framework\\src\\Illuminate\\Foundation\\Http\\Kernel.php(170): Illuminate\\Foundation\\Http\\Kernel->bootstrap()
#35 D:\\Materi Kuliah\\Semester 4\\PEMROGRAMAN FRAMEWORK\\Minggu 5\\Minggu-5\\vendor\\laravel\\framework\\src\\Illuminate\\Foundation\\Http\\Kernel.php(144): Illuminate\\Foundation\\Http\\Kernel->sendRequestThroughRouter(Object(Illuminate\\Http\\Request))
#36 D:\\Materi Kuliah\\Semester 4\\PEMROGRAMAN FRAMEWORK\\Minggu 5\\Minggu-5\\vendor\\laravel\\framework\\src\\Illuminate\\Foundation\\Application.php(1168): Illuminate\\Foundation\\Http\\Kernel->handle(Object(Illuminate\\Http\\Request))
#37 D:\\Materi Kuliah\\Semester 4\\PEMROGRAMAN FRAMEWORK\\Minggu 5\\Minggu-5\\public\\index.php(17): Illuminate\\Foundation\\Application->handleRequest(Object(Illuminate\\Http\\Request))
#38 D:\\Materi Kuliah\\Semester 4\\PEMROGRAMAN FRAMEWORK\\Minggu 5\\Minggu-5\\vendor\\laravel\\framework\\src\\Illuminate\\Foundation\\resources\\server.php(16): require_once('D:\\\\Materi Kulia...')
#39 {main}
"} 
